  Building 'dbl_hv' with toolset 'WindowsKernelModeDriver10.0' and the 'Universal' target platform.
  Stamping x64\Release\dbl_hv.inf
  Stamping [Version] section with DriverVer=11/23/2023,12.23.14.923
  init.c
  main.c
  Generating Code...
  dbl_hv.vcxproj -> C:\Users\admin\source\repos\dbl_hv\x64\Release\dbl_hv.sys
  Done Adding Additional Store
  Successfully signed: C:\Users\admin\source\repos\dbl_hv\x64\Release\dbl_hv.sys
  
  Driver is 'Universal'.
  ........................
  Signability test complete.
  
  Errors:
  None
  
  Warnings:
  None
  
  Catalog generation complete.
  C:\Users\admin\source\repos\dbl_hv\x64\Release\dbl_hv\dbl_hv.cat
  Done Adding Additional Store
  Successfully signed: C:\Users\admin\source\repos\dbl_hv\x64\Release\dbl_hv\dbl_hv.cat
  
