c:\users\vsend\documents\github\diablo_hypervisor\x64\release\vc143.pdb
c:\users\vsend\documents\github\diablo_hypervisor\x64\release\vmx.obj
c:\users\vsend\documents\github\diablo_hypervisor\x64\release\vmexit.obj
c:\users\vsend\documents\github\diablo_hypervisor\x64\release\init.obj
c:\users\vsend\documents\github\diablo_hypervisor\x64\release\vmcs.obj
c:\users\vsend\documents\github\diablo_hypervisor\x64\release\segments.obj
c:\users\vsend\documents\github\diablo_hypervisor\x64\release\main.obj
c:\users\vsend\documents\github\diablo_hypervisor\x64\release\logging.obj
c:\users\vsend\documents\github\diablo_hypervisor\x64\release\dbl_hv\dbl_hv.cat
c:\users\vsend\documents\github\diablo_hypervisor\x64\release\dbl_hv.sys
c:\users\vsend\documents\github\diablo_hypervisor\x64\release\dbl_hv.pdb
c:\users\vsend\documents\github\diablo_hypervisor\x64\release\vmm_intrin.obj
c:\users\vsend\documents\github\diablo_hypervisor\x64\release\dbl_hv.inf
c:\users\vsend\documents\github\diablo_hypervisor\x64\release\logger.obj
c:\users\vsend\documents\github\diablo_hypervisor\x64\release\dbl_hv.tlog\cl.command.1.tlog
c:\users\vsend\documents\github\diablo_hypervisor\x64\release\dbl_hv.tlog\cl.items.tlog
c:\users\vsend\documents\github\diablo_hypervisor\x64\release\dbl_hv.tlog\cl.read.1.tlog
c:\users\vsend\documents\github\diablo_hypervisor\x64\release\dbl_hv.tlog\cl.write.1.tlog
c:\users\vsend\documents\github\diablo_hypervisor\x64\release\dbl_hv.tlog\inf2cat-expand.10368.read.1.tlog
c:\users\vsend\documents\github\diablo_hypervisor\x64\release\dbl_hv.tlog\inf2cat-expand.10368.write.1.tlog
c:\users\vsend\documents\github\diablo_hypervisor\x64\release\dbl_hv.tlog\inf2cat-expand.11904.read.1.tlog
c:\users\vsend\documents\github\diablo_hypervisor\x64\release\dbl_hv.tlog\inf2cat-expand.11904.write.1.tlog
c:\users\vsend\documents\github\diablo_hypervisor\x64\release\dbl_hv.tlog\inf2cat-expand.2152.read.1.tlog
c:\users\vsend\documents\github\diablo_hypervisor\x64\release\dbl_hv.tlog\inf2cat-expand.2152.write.1.tlog
c:\users\vsend\documents\github\diablo_hypervisor\x64\release\dbl_hv.tlog\inf2cat-expand.3324.read.1.tlog
c:\users\vsend\documents\github\diablo_hypervisor\x64\release\dbl_hv.tlog\inf2cat-expand.3324.write.1.tlog
c:\users\vsend\documents\github\diablo_hypervisor\x64\release\dbl_hv.tlog\inf2cat-expand.5756.read.1.tlog
c:\users\vsend\documents\github\diablo_hypervisor\x64\release\dbl_hv.tlog\inf2cat-expand.5756.write.1.tlog
c:\users\vsend\documents\github\diablo_hypervisor\x64\release\dbl_hv.tlog\inf2cat-expand.read.1.tlog
c:\users\vsend\documents\github\diablo_hypervisor\x64\release\dbl_hv.tlog\inf2cat-expand.write.1.tlog
c:\users\vsend\documents\github\diablo_hypervisor\x64\release\dbl_hv.tlog\inf2cat.command.1.tlog
c:\users\vsend\documents\github\diablo_hypervisor\x64\release\dbl_hv.tlog\inf2cat.read.1.tlog
c:\users\vsend\documents\github\diablo_hypervisor\x64\release\dbl_hv.tlog\inf2cat.write.1.tlog
c:\users\vsend\documents\github\diablo_hypervisor\x64\release\dbl_hv.tlog\link.command.1.tlog
c:\users\vsend\documents\github\diablo_hypervisor\x64\release\dbl_hv.tlog\link.read.1.tlog
c:\users\vsend\documents\github\diablo_hypervisor\x64\release\dbl_hv.tlog\link.write.1.tlog
c:\users\vsend\documents\github\diablo_hypervisor\x64\release\dbl_hv.tlog\masm.read.1u.tlog
c:\users\vsend\documents\github\diablo_hypervisor\x64\release\dbl_hv.tlog\masm.write.1u.tlog
c:\users\vsend\documents\github\diablo_hypervisor\x64\release\dbl_hv.tlog\stampinf.command.1.tlog
c:\users\vsend\documents\github\diablo_hypervisor\x64\release\dbl_hv.tlog\stampinf.read.1.tlog
c:\users\vsend\documents\github\diablo_hypervisor\x64\release\dbl_hv.tlog\stampinf.write.1.tlog
