  Building 'dbl_hv' with toolset 'WindowsKernelModeDriver10.0' and the 'Universal' target platform.
  Stamping x64\Debug\dbl_hv.inf
  Stamping [Version] section with DriverVer=11/29/2023,16.52.28.55
  init.c
C:\Users\admin\source\repos\dbl_hv\dbl_hv\headers\vmexit.h(5,57): warning C4115: '__vmexit_guest_registers_t': named type definition in parentheses
  (compiling source file 'core/init.c')
  
  vmexit.c
C:\Users\admin\source\repos\dbl_hv\dbl_hv\headers\vmexit.h(5,57): warning C4115: '__vmexit_guest_registers_t': named type definition in parentheses
  (compiling source file 'core/vmexit.c')
  
  vmx.c
C:\Users\admin\source\repos\dbl_hv\dbl_hv\headers\vmexit.h(5,57): warning C4115: '__vmexit_guest_registers_t': named type definition in parentheses
  (compiling source file 'core/vmx.c')
  
  main.c
C:\Users\admin\source\repos\dbl_hv\dbl_hv\headers\vmexit.h(5,57): warning C4115: '__vmexit_guest_registers_t': named type definition in parentheses
  (compiling source file 'main.c')
  
  segments.c
C:\Users\admin\source\repos\dbl_hv\dbl_hv\headers\vmexit.h(5,57): warning C4115: '__vmexit_guest_registers_t': named type definition in parentheses
  (compiling source file 'segments/segments.c')
  
  vmcs.c
C:\Users\admin\source\repos\dbl_hv\dbl_hv\headers\vmexit.h(5,57): warning C4115: '__vmexit_guest_registers_t': named type definition in parentheses
  (compiling source file 'vmcs/vmcs.c')
  
  Generating Code...
  dbl_hv.vcxproj -> C:\Users\admin\source\repos\dbl_hv\x64\Debug\dbl_hv.sys
  Driver is 'Universal'.
  .........................
  Signability test complete.
  
  Errors:
  None
  
  Warnings:
  None
  
  Catalog generation complete.
  C:\Users\admin\source\repos\dbl_hv\x64\Debug\dbl_hv\dbl_hv.cat
